Started by upstream project "[8mha:////4KLcY5DmUHpoNIUkxHyFHAWv9XAkUBMnBLnwMNg2LjS/AAAAmx+LCAAAAAAAAP9b85aBtbiIQTGjNKU4P08vOT+vOD8nVc83PyU1x6OyILUoJzMv2y+/JJUBAhiZGBgqihhk0NSjKDWzXb3RdlLBUSYGJk8GtpzUvPSSDB8G5tKinBIGIZ+sxLJE/ZzEvHT94JKizLx0a6BxUmjGOUNodHsLgAyuEgYB/az8JP1koBOLUssyU8v1AbYKQSLFAAAA[0mcodereview" build number [8mha:////4L4zhKnT2O0UYwSdW6qg/VxWdThnB2H/bgIbzY1Rtj4qAAAAnR+LCAAAAAAAAP9b85aBtbiIQTGjNKU4P08vOT+vOD8nVc83PyU1x6OyILUoJzMv2y+/JJUBAhiZGBgqihhk0NSjKDWzXb3RdlLBUSYGJk8GtpzUvPSSDB8G5tKinBIGIZ+sxLJE/ZzEvHT94JKizLx0a6BxUmjGOUNodHsLgAwmoBn6WflJ+slAJxallmWmlusbGQAAspTNFccAAAA=[0m20
originally caused by:
 Started by upstream project "[8mha:////4JrBct53Z1xP21MTMsWEK+g/8styYmA2kL91OViViTUkAAAAnB+LCAAAAAAAAP9b85aBtbiIQTGjNKU4P08vOT+vOD8nVc83PyU1x6OyILUoJzMv2y+/JJUBAhiZGBgqihhk0NSjKDWzXb3RdlLBUSYGJk8GtpzUvPSSDB8G5tKinBIGIZ+sxLJE/ZzEvHT94JKizLx0a6BxUmjGOUNodHsLgAzuEgZB/az8JP1koBOT83MLMnNS9QHujchrxgAAAA==[0mcodecompile" build number [8mha:////4MgJfVpfd7tnZMRD3GAzapB24uCkJsyPyMypkxltY4LFAAAAnB+LCAAAAAAAAP9b85aBtbiIQTGjNKU4P08vOT+vOD8nVc83PyU1x6OyILUoJzMv2y+/JJUBAhiZGBgqihhk0NSjKDWzXb3RdlLBUSYGJk8GtpzUvPSSDB8G5tKinBIGIZ+sxLJE/ZzEvHT94JKizLx0a6BxUmjGOUNodHsLQAygGfpZ+Un6yUAnJufnFmTmpOqbAQDPFCRuxwAAAA==[0m6
 originally caused by:
  Started by user [8mha:////4E0DttnetQPCU74bwnB1DiQ6yXBLrJ70W0UwEHMgd1bQAAAAlx+LCAAAAAAAAP9b85aBtbiIQTGjNKU4P08vOT+vOD8nVc83PyU1x6OyILUoJzMv2y+/JJUBAhiZGBgqihhk0NSjKDWzXb3RdlLBUSYGJk8GtpzUvPSSDB8G5tKinBIGIZ+sxLJE/ZzEvHT94JKizLx0a6BxUmjGOUNodHsLgAzeEgZu/dLi1CL9xJTczDwACG0V4sAAAAA=[0madministrator
Running as SYSTEM
Building in workspace /var/lib/jenkins/workspace/unit_test
The recommended git tool is: NONE
No credentials specified
 > git rev-parse --resolve-git-dir /var/lib/jenkins/workspace/unit_test/.git # timeout=10
Fetching changes from the remote Git repository
 > git config remote.origin.url https://github.com/lerndevops/samplejavaapp # timeout=10
Fetching upstream changes from https://github.com/lerndevops/samplejavaapp
 > git --version # timeout=10
 > git --version # 'git version 2.17.1'
 > git fetch --tags --progress -- https://github.com/lerndevops/samplejavaapp +refs/heads/*:refs/remotes/origin/* # timeout=10
 > git rev-parse refs/remotes/origin/master^{commit} # timeout=10
Checking out Revision 000c3424bc0b1747d08cc0fd7268f9d608143661 (refs/remotes/origin/master)
 > git config core.sparsecheckout # timeout=10
 > git checkout -f 000c3424bc0b1747d08cc0fd7268f9d608143661 # timeout=10
Commit message: "Update README.md"
 > git rev-list --no-walk 000c3424bc0b1747d08cc0fd7268f9d608143661 # timeout=10
[unit_test] $ /opt/maven/bin/mvn test
[INFO] Scanning for projects...
[INFO] 
[INFO] -----------------< com.devopsdemo.tutorial:sampleapp >------------------
[INFO] Building Vaadin Sampleapp example 2.0
[INFO] --------------------------------[ war ]---------------------------------
[INFO] 
[8mha:////4NeYFZy6FcqGO/ks/7xsFBAwviom9zJvVVw+oOL5letKAAAAYB+LCAAAAAAAAP9b85aBtbiIQSmjNKU4P0+vJLE4u1gvPjexLDVPzxdEGvvmZ+X75Zek2mxOX+vh68DGxMBQUcQgBdWQnJ9XnJ+TqucMoUEKGSCAEaSwAAAn9LoiYAAAAA==[0m[INFO] --- maven-enforcer-plugin:1.0:enforce (enforce-versions) @ sampleapp ---
[INFO] 
[8mha:////4NeYFZy6FcqGO/ks/7xsFBAwviom9zJvVVw+oOL5letKAAAAYB+LCAAAAAAAAP9b85aBtbiIQSmjNKU4P0+vJLE4u1gvPjexLDVPzxdEGvvmZ+X75Zek2mxOX+vh68DGxMBQUcQgBdWQnJ9XnJ+TqucMoUEKGSCAEaSwAAAn9LoiYAAAAA==[0m[INFO] --- jacoco-maven-plugin:0.8.6:prepare-agent (default) @ sampleapp ---
[INFO] argLine set to -javaagent:/var/lib/jenkins/.m2/repository/org/jacoco/org.jacoco.agent/0.8.6/org.jacoco.agent-0.8.6-runtime.jar=destfile=/var/lib/jenkins/workspace/unit_test/target/jacoco.exec
[INFO] 
[8mha:////4NeYFZy6FcqGO/ks/7xsFBAwviom9zJvVVw+oOL5letKAAAAYB+LCAAAAAAAAP9b85aBtbiIQSmjNKU4P0+vJLE4u1gvPjexLDVPzxdEGvvmZ+X75Zek2mxOX+vh68DGxMBQUcQgBdWQnJ9XnJ+TqucMoUEKGSCAEaSwAAAn9LoiYAAAAA==[0m[INFO] --- maven-resources-plugin:2.6:resources (default-resources) @ sampleapp ---
[INFO] Using 'UTF-8' encoding to copy filtered resources.
[INFO] skip non existing resourceDirectory /var/lib/jenkins/workspace/unit_test/src/main/resources
[INFO] 
[8mha:////4NeYFZy6FcqGO/ks/7xsFBAwviom9zJvVVw+oOL5letKAAAAYB+LCAAAAAAAAP9b85aBtbiIQSmjNKU4P0+vJLE4u1gvPjexLDVPzxdEGvvmZ+X75Zek2mxOX+vh68DGxMBQUcQgBdWQnJ9XnJ+TqucMoUEKGSCAEaSwAAAn9LoiYAAAAA==[0m[INFO] --- maven-compiler-plugin:3.2:compile (default-compile) @ sampleapp ---
[INFO] Nothing to compile - all classes are up to date
[INFO] 
[8mha:////4NeYFZy6FcqGO/ks/7xsFBAwviom9zJvVVw+oOL5letKAAAAYB+LCAAAAAAAAP9b85aBtbiIQSmjNKU4P0+vJLE4u1gvPjexLDVPzxdEGvvmZ+X75Zek2mxOX+vh68DGxMBQUcQgBdWQnJ9XnJ+TqucMoUEKGSCAEaSwAAAn9LoiYAAAAA==[0m[INFO] --- maven-resources-plugin:2.6:testResources (default-testResources) @ sampleapp ---
[INFO] Using 'UTF-8' encoding to copy filtered resources.
[INFO] Copying 1 resource
[INFO] 
[8mha:////4NeYFZy6FcqGO/ks/7xsFBAwviom9zJvVVw+oOL5letKAAAAYB+LCAAAAAAAAP9b85aBtbiIQSmjNKU4P0+vJLE4u1gvPjexLDVPzxdEGvvmZ+X75Zek2mxOX+vh68DGxMBQUcQgBdWQnJ9XnJ+TqucMoUEKGSCAEaSwAAAn9LoiYAAAAA==[0m[INFO] --- maven-compiler-plugin:3.2:testCompile (default-testCompile) @ sampleapp ---
[INFO] Nothing to compile - all classes are up to date
[INFO] 
[8mha:////4NeYFZy6FcqGO/ks/7xsFBAwviom9zJvVVw+oOL5letKAAAAYB+LCAAAAAAAAP9b85aBtbiIQSmjNKU4P0+vJLE4u1gvPjexLDVPzxdEGvvmZ+X75Zek2mxOX+vh68DGxMBQUcQgBdWQnJ9XnJ+TqucMoUEKGSCAEaSwAAAn9LoiYAAAAA==[0m[INFO] --- maven-surefire-plugin:2.19.1:test (default-test) @ sampleapp ---

-------------------------------------------------------
 T E S T S
-------------------------------------------------------
Running com.devopsdemo.utilities.TestLogger
[pool-1-thread-2] INFO com.devopsdemo.utilities.TestLogger - java.lang.ArithmeticException: / by zero
Cause:at com.devopsdemo.utilities.TestLogger.testGetErrorMessage2(TestLogger.java:30)
Cause:at java.base/jdk.internal.reflect.NativeMethodAccessorImpl.invoke0(Native Method)
[pool-1-thread-3] INFO com.devopsdemo.utilities.TestLogger - java.lang.ArithmeticException: / by zero
Cause:at com.devopsdemo.utilities.ExceptionThrower.getCounter(ExceptionThrower.java:13)
Cause:at com.devopsdemo.utilities.TestLogger.testGetErrorMessage3(TestLogger.java:45)
SLF4J: Class path contains multiple SLF4J bindings.
SLF4J: Found binding in [jar:file:/var/lib/jenkins/.m2/repository/org/slf4j/slf4j-simple/1.7.7/slf4j-simple-1.7.7.jar!/org/slf4j/impl/StaticLoggerBinder.class]
SLF4J: Found binding in [jar:file:/var/lib/jenkins/.m2/repository/org/slf4j/slf4j-log4j12/1.7.7/slf4j-log4j12-1.7.7.jar!/org/slf4j/impl/StaticLoggerBinder.class]
SLF4J: See http://www.slf4j.org/codes.html#multiple_bindings for an explanation.
SLF4J: Actual binding is of type [org.slf4j.impl.SimpleLoggerFactory]
[pool-1-thread-1] INFO com.devopsdemo.utilities.TestLogger - java.lang.ArithmeticException: / by zero
Cause:at com.devopsdemo.utilities.TestLogger.testGetErrorMessage1(TestLogger.java:14)
Cause:at java.base/jdk.internal.reflect.NativeMethodAccessorImpl.invoke0(Native Method)
[pool-1-thread-4] INFO com.devopsdemo.utilities.TestLogger - java.io.IOException: TESTIOEXCEPTION
Cause:at com.devopsdemo.utilities.ExceptionThrower.doNothing(ExceptionThrower.java:18)
Cause:at com.devopsdemo.utilities.TestLogger.testGetErrorMessage4(TestLogger.java:60)
[pool-1-thread-5] ERROR com.devopsdemo.utilities.ExceptionThrower - java.lang.Exception: DEAR
Cause:at com.devopsdemo.utilities.ExceptionThrower.doYYY(ExceptionThrower.java:35)
Cause:at com.devopsdemo.utilities.ExceptionThrower.doXXX(ExceptionThrower.java:23)
[pool-1-thread-5] INFO com.devopsdemo.utilities.TestLogger - java.lang.Exception: TEST MESSAGE
Cause:at com.devopsdemo.utilities.ExceptionThrower.doCheck(ExceptionThrower.java:43)
Cause:at com.devopsdemo.utilities.TestLogger.testGetErrorMessage5(TestLogger.java:75)
***** java.lang.Exception: TEST MESSAGE
Cause:at com.devopsdemo.utilities.ExceptionThrower.doCheck(ExceptionThrower.java:43)
Cause:at com.devopsdemo.utilities.TestLogger.testGetErrorMessage5(TestLogger.java:75)
Tests run: 5, Failures: 0, Errors: 0, Skipped: 0, Time elapsed: 0.119 sec - in com.devopsdemo.utilities.TestLogger
Running com.devopsdemo.utilities.TestHexAsciiConversion
testing ascii convertion into hexadecimal
74657374696e6720617363696920636f6e76657274696f6e20696e746f2068657861646563696d616c
Tests run: 4, Failures: 0, Errors: 0, Skipped: 0, Time elapsed: 0.04 sec - in com.devopsdemo.utilities.TestHexAsciiConversion
Running com.devopsdemo.utilities.TestGenericComparator
Tests run: 14, Failures: 0, Errors: 0, Skipped: 0, Time elapsed: 0.073 sec - in com.devopsdemo.utilities.TestGenericComparator

Results :

Tests run: 23, Failures: 0, Errors: 0, Skipped: 0

[INFO] ------------------------------------------------------------------------
[INFO] BUILD SUCCESS
[INFO] ------------------------------------------------------------------------
[INFO] Total time:  5.061 s
[INFO] Finished at: 2023-02-09T05:23:12Z
[INFO] ------------------------------------------------------------------------
Recording test results
[Checks API] No suitable checks publisher found.
Triggering a new build of [8mha:////4CjupcosnVl5BaHeKP0l1RoSlox7VuuLoy9+RVwwVQV1AAAAnR+LCAAAAAAAAP9b85aBtbiIQTGjNKU4P08vOT+vOD8nVc83PyU1x6OyILUoJzMv2y+/JJUBAhiZGBgqihhk0NSjKDWzXb3RdlLBUSYGJk8GtpzUvPSSDB8G5tKinBIGIZ+sxLJE/ZzEvHT94JKizLx0a6BxUmjGOUNodHsLgAweoBn6WflJ+slAJybnl6UWJaan6gMAfDsPIscAAAA=[0mcodecoverage
Finished: SUCCESS
